<?xml version="1.0" encoding="UTF-8"?>
<testng-results ignored="0" total="2" passed="2" failed="0" skipped="0">
  <reporter-output>
  </reporter-output>
  <suite started-at="2024-06-18T06:44:20 IST" name="Surefire suite" finished-at="2024-06-18T06:44:27 IST" duration-ms="6905">
    <groups>
    </groups>
    <test started-at="2024-06-18T06:44:20 IST" name="Surefire test" finished-at="2024-06-18T06:44:27 IST" duration-ms="6905">
      <class name="com.interview.paralleltest.demo.ParallelTest">
        <test-method is-config="true" signature="setUp()[pri:0, instance:com.interview.paralleltest.demo.ParallelTest@1573f9fc]" started-at="2024-06-18T06:44:20 IST" name="setUp" finished-at="2024-06-18T06:44:22 IST" duration-ms="2602" status="PASS">
          <reporter-output>
          </reporter-output>
        </test-method> <!-- setUp -->
        <test-method signature="testMethod1()[pri:0, instance:com.interview.paralleltest.demo.ParallelTest@1573f9fc]" started-at="2024-06-18T06:44:22 IST" name="testMethod1" finished-at="2024-06-18T06:44:24 IST" duration-ms="1306" status="PASS">
          <reporter-output>
          </reporter-output>
        </test-method> <!-- testMethod1 -->
        <test-method is-config="true" signature="tearDown()[pri:0, instance:com.interview.paralleltest.demo.ParallelTest@1573f9fc]" started-at="2024-06-18T06:44:24 IST" name="tearDown" finished-at="2024-06-18T06:44:24 IST" duration-ms="263" status="PASS">
          <reporter-output>
          </reporter-output>
        </test-method> <!-- tearDown -->
        <test-method is-config="true" signature="setUp()[pri:0, instance:com.interview.paralleltest.demo.ParallelTest@1573f9fc]" started-at="2024-06-18T06:44:24 IST" name="setUp" finished-at="2024-06-18T06:44:25 IST" duration-ms="1328" status="PASS">
          <reporter-output>
          </reporter-output>
        </test-method> <!-- setUp -->
        <test-method signature="testMethod2()[pri:0, instance:com.interview.paralleltest.demo.ParallelTest@1573f9fc]" started-at="2024-06-18T06:44:25 IST" name="testMethod2" finished-at="2024-06-18T06:44:26 IST" duration-ms="1100" status="PASS">
          <reporter-output>
          </reporter-output>
        </test-method> <!-- testMethod2 -->
        <test-method is-config="true" signature="tearDown()[pri:0, instance:com.interview.paralleltest.demo.ParallelTest@1573f9fc]" started-at="2024-06-18T06:44:26 IST" name="tearDown" finished-at="2024-06-18T06:44:27 IST" duration-ms="249" status="PASS">
          <reporter-output>
          </reporter-output>
        </test-method> <!-- tearDown -->
      </class> <!-- com.interview.paralleltest.demo.ParallelTest -->
    </test> <!-- Surefire test -->
  </suite> <!-- Surefire suite -->
</testng-results>
